Removed Pin From Net: NetName=3.3V Pin=C2-1
Removed Pin From Net: NetName=GND Pin=C2-2
Removed Pin From Net: NetName=5V Pin=C6-1
Removed Pin From Net: NetName=5V Pin=C10-1
Removed Pin From Net: NetName=GND Pin=C10-2
Removed Pin From Net: NetName=GND Pin=C11-2
Removed Pin From Net: NetName=GND Pin=C12-1
Removed Pin From Net: NetName=GND Pin=C13-1
Removed Pin From Net: NetName=ADC15 Pin=C19-1
Removed Pin From Net: NetName=GND Pin=C19-2
Removed Pin From Net: NetName=GND Pin=C25-2
Removed Pin From Net: NetName=GND Pin=C26-1
Removed Pin From Net: NetName=3.3V Pin=C26-2
Removed Pin From Net: NetName=GND Pin=C27-1
Removed Pin From Net: NetName=3.3V Pin=C27-2
Removed Pin From Net: NetName=GND Pin=C28-1
Removed Pin From Net: NetName=3.3V Pin=C28-2
Removed Pin From Net: NetName=GND Pin=C29-1
Removed Pin From Net: NetName=3.3V Pin=C29-2
Removed Pin From Net: NetName=GND Pin=C32-1
Removed Pin From Net: NetName=3.3V Pin=C32-2
Removed Pin From Net: NetName=GND Pin=C33-1
Removed Pin From Net: NetName=5V Pin=D1-2
Removed Pin From Net: NetName=5V Pin=E1-1
Removed Pin From Net: NetName=GND Pin=E1-2
Removed Pin From Net: NetName=5V Pin=L2-2
Removed Pin From Net: NetName=GND Pin=POWER-2
Removed Pin From Net: NetName=GND Pin=Q3-2
Removed Pin From Net: NetName=GND Pin=R7-2
Removed Pin From Net: NetName=GND Pin=R9-2
Removed Pin From Net: NetName=5V Pin=R10-1
Removed Pin From Net: NetName=GND Pin=R11-2
Removed Pin From Net: NetName=ADC15 Pin=R16-2
Removed Pin From Net: NetName=ADC15 Pin=R17-1
Removed Pin From Net: NetName=GND Pin=R17-2
Removed Pin From Net: NetName=USB-IN Pin=R24-1
Removed Pin From Net: NetName=USB-DP Pin=R27-1
Removed Pin From Net: NetName=USB-DM Pin=R28-1
Removed Pin From Net: NetName=SPI1-SCK Pin=R30-1
Removed Pin From Net: NetName=GND Pin=R31-1
Removed Pin From Net: NetName=5V Pin=R32-1
Removed Pin From Net: NetName=5V Pin=R33-1
Removed Pin From Net: NetName=CS-FLASH Pin=U2-1
Removed Pin From Net: NetName=SPI1-MISO Pin=U2-2
Removed Pin From Net: NetName=3.3V Pin=U2-3
Removed Pin From Net: NetName=GND Pin=U2-4
Removed Pin From Net: NetName=SPI1-MOSI Pin=U2-5
Removed Pin From Net: NetName=SPI1-SCK Pin=U2-6
Removed Pin From Net: NetName=3.3V Pin=U2-7
Removed Pin From Net: NetName=3.3V Pin=U2-8
Removed Pin From Net: NetName=GND Pin=U3-3
Removed Pin From Net: NetName=GND Pin=U3-4
Removed Pin From Net: NetName=I2C1-SCL Pin=U5-1
Removed Pin From Net: NetName=3.3V Pin=U5-2
Removed Pin From Net: NetName=GND Pin=U5-9
Removed Pin From Net: NetName=GND Pin=U5-11
Removed Pin From Net: NetName=3.3V Pin=U5-13
Removed Pin From Net: NetName=IST_RST Pin=U5-14
Removed Pin From Net: NetName=IST_DRDY Pin=U5-15
Removed Pin From Net: NetName=I2C1-SDA Pin=U5-16
Removed Pin From Net: NetName=3.3V Pin=U6-1
Removed Pin From Net: NetName=SPI3-SCK Pin=U6-2
Removed Pin From Net: NetName=SPI3-MOSI Pin=U6-3
Removed Pin From Net: NetName=SPI3-MISO Pin=U6-4
Removed Pin From Net: NetName=CS-ICM Pin=U6-5
Removed Pin From Net: NetName=ICM-INIT Pin=U6-6
Removed Pin From Net: NetName=GND Pin=U6-8
Removed Pin From Net: NetName=GND Pin=U6-9
Removed Pin From Net: NetName=GND Pin=U6-10
Removed Pin From Net: NetName=GND Pin=U6-11
Removed Pin From Net: NetName=GND Pin=U6-12
Removed Pin From Net: NetName=GND Pin=U6-13
Removed Pin From Net: NetName=GND Pin=U6-15
Removed Pin From Net: NetName=3.3V Pin=U6-16
Removed Pin From Net: NetName=GND Pin=U7-1
Removed Pin From Net: NetName=I2C1-SDA Pin=U7-3
Removed Pin From Net: NetName=I2C1-SCL Pin=U7-4
Removed Pin From Net: NetName=3.3V Pin=U7-6
Removed Pin From Net: NetName=GND Pin=U7-7
Removed Pin From Net: NetName=3.3V Pin=U7-8
Removed Pin From Net: NetName=GND Pin=USB1-0
Removed Pin From Net: NetName=GND Pin=USB1-0
Removed Pin From Net: NetName=GND Pin=USB1-0
Removed Pin From Net: NetName=GND Pin=USB1-0
Removed Pin From Net: NetName=GND Pin=USB1-A1
Removed Pin From Net: NetName=GND Pin=USB1-A12
Removed Pin From Net: NetName=GND Pin=USB1-B1
Removed Pin From Net: NetName=GND Pin=USB1-B12
